04 1978 02 22 1985 07 17 1 01
07 1978 05 13 1981 07 16 1 02
06 1978 10 06 1992 05 18 1 03
08 1978 12 10 1989 10 14 1 04
05 1980 02 09 1983 11 28 1 05
09 1980 04 26 1991 03 06 1 06
11 1983 07 14 1993 05 04 1 08
13 1984 06 13 1994 06 20 1 09
12 1984 09 08 1995 11 18 1 10
03 1985 10 09 1994 04 13 1 11
14 1989 02 14 2000 04 14 2 14
02 1989 06 10 2004 05 12 2 13
16 1989 08 18 2000 10 13 2 16
19 1989 10 21 2001 09 11 2 19
17 1989 12 11 2005 02 22 2 17
18 1990 01 24 2000 08 18 2 18
20 1990 03 26 1996 05 10 2 20
21 1990 08 02 2003 01 27 2 21
15 1990 10 01 2007 03 14 2 15
32 1990 11 26 2016 01 25 3 23
24 1991 07 04 2011 11 04 3 24
25 1992 02 23 2009 12 18 3 25
28 1992 04 10 1997 05 15 3 28
26 1992 07 07 2015 01 06 3 26
30 1992 09 09 2012 10 06 3 27
24 1992 11 22 2008 03 17 3 32
29 1992 12 18 2007 10 23 3 29
22 1993 02 03 2003 08 06 3 22
31 1993 03 30 2005 10 24 3 31
07 1993 05 13 2007 12 20 3 37
09 1993 06 26 2014 05 19 3 39
30 1993 08 30 2013 05 01 3 35
04 1993 10 26 2015 11 03 3 34
06 1994 03 10 2014 02 21 3 36
03 1996 03 28 2014 08 02 3 33
10 1996 07 16 2015 07 16 3 40
30 1996 09 12 2011 07 20 3 30
08 1997 11 06 2014 10 30 3 38
13 1997 07 23 2062 11 12 4 43
11 1999 10 07 2062 11 12 4 46
20 2000 05 11 2062 11 12 4 51
28 2000 07 16 2062 11 12 4 44
14 2000 11 10 2062 11 12 4 41
18 2001 01 30 2062 11 12 4 54
16 2003 01 29 2062 11 12 4 56
21 2003 03 31 2062 11 12 4 45
22 2003 12 21 2062 11 12 4 47
19 2004 03 20 2062 11 12 4 59
23 2004 06 23 2062 11 12 4 60
02 2004 11 06 2062 11 12 4 61
17 2005 09 26 2062 11 12 4 53
31 2006 09 25 2062 11 12 4 52
12 2006 11 17 2062 11 12 4 58
15 2007 10 17 2062 11 12 4 55
29 2007 12 20 2062 11 12 4 57
07 2008 03 15 2062 11 12 4 48
05 2009 08 17 2062 11 12 4 50
25 2010 05 28 2062 11 12 4 62
01 2011 07 16 2062 11 12 4 63
24 2012 10 04 2062 11 12 4 65
27 2013 05 15 2062 11 12 4 66
30 2014 02 21 2062 11 12 4 64
06 2014 05 17 2062 11 12 4 67
09 2014 08 02 2062 11 12 4 68
03 2014 10 29 2062 11 12 4 69
26 2015 03 25 2062 11 12 4 71
08 2015 07 15 2062 11 12 4 72
10 2015 10 31 2062 11 12 4 73
32 2016 02 05 2062 11 12 4 70
