9500  +1.488      0.0      +0.4306 cham
9600  +0.34499   +0.0294   +0.8108 sacc
l060  +1.488      0.0      +0.4306 cham
l063  +1.488      0.0      +0.4306 cham
l070  +0.34499   +0.0294   +0.8108 sacc
l073  +0.34499   +0.0294   +0.8108 sacc
l090   0.000400  -0.000400 -0.4140 grac
l093   0.000400  -0.000400 -0.4140 grac
l210   1.3541    -0.0067   +0.6993 co10
l211   1.3541    -0.0067   +0.6993 co11
l212   1.3541    -0.0067   +0.6993 co12
l213   1.3541    -0.0067   +0.6993 co13
l220   1.3541    -0.0067   +0.6993 co20
l221   1.3541    -0.0067   +0.6993 co21
l222   1.3541    -0.0067   +0.6993 co22
l223   1.3541    -0.0067   +0.6993 co23
l230   1.3541    -0.0067   +0.6993 co30
l231   1.3541    -0.0067   +0.6993 co31
l232   1.3541    -0.0067   +0.6993 co32
l233   1.3541    -0.0067   +0.6993 co33
l240   1.3541    -0.0067   +0.6993 co40
l241   1.3541    -0.0067   +0.6993 co41
l242   1.3541    -0.0067   +0.6993 co42
l243   1.3541    -0.0067   +0.6993 co43
l250  -1.4407    +0.0052   -0.5181 co50
l251   1.4339    +0.0050   -0.5127 co51
l252   1.3541    -0.0067   +0.6993 co52
l253  -1.3639    +0.0031   +0.7143 co53
l260   1.3541    -0.0067   +0.6993 co60
l261   1.3541    -0.0067   +0.6993 co61
l262   1.3541    -0.0067   +0.6993 co62
l263   1.3541    -0.0067   +0.6993 co63
